<?xml version="1.0" encoding="UTF-8"?>
<testsuite name="avakhidov.springpatterns.flour.FlourObjectFactoryImplTest" tests="1" skipped="0" failures="0" errors="0" timestamp="2020-07-24T19:39:09" hostname="DESKTOP-U54MMGI" time="0.242">
  <properties/>
  <testcase name="getFlour" classname="avakhidov.springpatterns.flour.FlourObjectFactoryImplTest" time="0.242"/>
  <system-out><![CDATA[22:39:08.317 [Test worker] DEBUG org.springframework.test.context.junit4.SpringJUnit4ClassRunner - SpringJUnit4ClassRunner constructor called with [class avakhidov.springpatterns.flour.FlourObjectFactoryImplTest]
22:39:08.325 [Test worker] DEBUG org.springframework.test.context.BootstrapUtils - Instantiating CacheAwareContextLoaderDelegate from class [org.springframework.test.context.cache.DefaultCacheAwareContextLoaderDelegate]
22:39:08.332 [Test worker] DEBUG org.springframework.test.context.BootstrapUtils - Instantiating BootstrapContext using constructor [public org.springframework.test.context.support.DefaultBootstrapContext(java.lang.Class,org.springframework.test.context.CacheAwareContextLoaderDelegate)]
22:39:08.360 [Test worker] DEBUG org.springframework.test.context.BootstrapUtils - Instantiating TestContextBootstrapper for test class [avakhidov.springpatterns.flour.FlourObjectFactoryImplTest] from class [org.springframework.boot.test.context.SpringBootTestContextBootstrapper]
22:39:08.374 [Test worker] INFO org.springframework.boot.test.context.SpringBootTestContextBootstrapper - Neither @ContextConfiguration nor @ContextHierarchy found for test class [avakhidov.springpatterns.flour.FlourObjectFactoryImplTest], using SpringBootContextLoader
22:39:08.377 [Test worker] DEBUG org.springframework.test.context.support.AbstractContextLoader - Did not detect default resource location for test class [avakhidov.springpatterns.flour.FlourObjectFactoryImplTest]: class path resource [avakhidov/springpatterns/flour/FlourObjectFactoryImplTest-context.xml] does not exist
22:39:08.378 [Test worker] DEBUG org.springframework.test.context.support.AbstractContextLoader - Did not detect default resource location for test class [avakhidov.springpatterns.flour.FlourObjectFactoryImplTest]: class path resource [avakhidov/springpatterns/flour/FlourObjectFactoryImplTestContext.groovy] does not exist
22:39:08.378 [Test worker] INFO org.springframework.test.context.support.AbstractContextLoader - Could not detect default resource locations for test class [avakhidov.springpatterns.flour.FlourObjectFactoryImplTest]: no resource found for suffixes {-context.xml, Context.groovy}.
22:39:08.379 [Test worker] INFO org.springframework.test.context.support.AnnotationConfigContextLoaderUtils - Could not detect default configuration classes for test class [avakhidov.springpatterns.flour.FlourObjectFactoryImplTest]: FlourObjectFactoryImplTest does not declare any static, non-private, non-final, nested classes annotated with @Configuration.
22:39:08.412 [Test worker] DEBUG org.springframework.test.context.support.ActiveProfilesUtils - Could not find an 'annotation declaring class' for annotation type [org.springframework.test.context.ActiveProfiles] and class [avakhidov.springpatterns.flour.FlourObjectFactoryImplTest]
22:39:08.469 [Test worker] DEBUG org.springframework.context.annotation.ClassPathScanningCandidateComponentProvider - Identified candidate component class: file [C:\projects\Patterns\springpatterns\build\classes\java\main\avakhidov\springpatterns\ApplicationRun.class]
22:39:08.471 [Test worker] INFO org.springframework.boot.test.context.SpringBootTestContextBootstrapper - Found @SpringBootConfiguration avakhidov.springpatterns.ApplicationRun for test class avakhidov.springpatterns.flour.FlourObjectFactoryImplTest
22:39:08.541 [Test worker] DEBUG org.springframework.boot.test.context.SpringBootTestContextBootstrapper - @TestExecutionListeners is not present for class [avakhidov.springpatterns.flour.FlourObjectFactoryImplTest]: using defaults.
22:39:08.542 [Test worker] INFO org.springframework.boot.test.context.SpringBootTestContextBootstrapper - Loaded default TestExecutionListener class names from location [META-INF/spring.factories]: [org.springframework.boot.test.autoconfigure.restdocs.RestDocsTestExecutionListener, org.springframework.boot.test.autoconfigure.web.client.MockRestServiceServerResetTestExecutionListener, org.springframework.boot.test.autoconfigure.web.servlet.MockMvcPrintOnlyOnFailureTestExecutionListener, org.springframework.boot.test.autoconfigure.web.servlet.WebDriverTestExecutionListener, org.springframework.boot.test.mock.mockito.MockitoTestExecutionListener, org.springframework.boot.test.mock.mockito.ResetMocksTestExecutionListener, org.springframework.test.context.web.ServletTestExecutionListener, org.springframework.test.context.support.DirtiesContextBeforeModesTestExecutionListener, org.springframework.test.context.support.DependencyInjectionTestExecutionListener, org.springframework.test.context.support.DirtiesContextTestExecutionListener, org.springframework.test.context.transaction.TransactionalTestExecutionListener, org.springframework.test.context.jdbc.SqlScriptsTestExecutionListener]
22:39:08.548 [Test worker] DEBUG org.springframework.boot.test.context.SpringBootTestContextBootstrapper - Skipping candidate TestExecutionListener [org.springframework.test.context.web.ServletTestExecutionListener] due to a missing dependency. Specify custom listener classes or make the default listener classes and their required dependencies available. Offending class: [javax/servlet/ServletContext]
22:39:08.549 [Test worker] DEBUG org.springframework.boot.test.context.SpringBootTestContextBootstrapper - Skipping candidate TestExecutionListener [org.springframework.test.context.transaction.TransactionalTestExecutionListener] due to a missing dependency. Specify custom listener classes or make the default listener classes and their required dependencies available. Offending class: [org/springframework/transaction/interceptor/TransactionAttributeSource]
22:39:08.550 [Test worker] DEBUG org.springframework.boot.test.context.SpringBootTestContextBootstrapper - Skipping candidate TestExecutionListener [org.springframework.test.context.jdbc.SqlScriptsTestExecutionListener] due to a missing dependency. Specify custom listener classes or make the default listener classes and their required dependencies available. Offending class: [org/springframework/transaction/interceptor/TransactionAttribute]
22:39:08.550 [Test worker] INFO org.springframework.boot.test.context.SpringBootTestContextBootstrapper - Using TestExecutionListeners: [org.springframework.test.context.support.DirtiesContextBeforeModesTestExecutionListener@ec8f94b, org.springframework.boot.test.mock.mockito.MockitoTestExecutionListener@709ea852, org.springframework.boot.test.autoconfigure.SpringBootDependencyInjectionTestExecutionListener@63cf2398, org.springframework.test.context.support.DirtiesContextTestExecutionListener@2b37f16, org.springframework.boot.test.autoconfigure.restdocs.RestDocsTestExecutionListener@4bf8ccaa, org.springframework.boot.test.autoconfigure.web.client.MockRestServiceServerResetTestExecutionListener@4ea131bf, org.springframework.boot.test.autoconfigure.web.servlet.MockMvcPrintOnlyOnFailureTestExecutionListener@54e80810, org.springframework.boot.test.autoconfigure.web.servlet.WebDriverTestExecutionListener@4dba9654, org.springframework.boot.test.mock.mockito.ResetMocksTestExecutionListener@402a8ed5]
22:39:08.553 [Test worker] DEBUG org.springframework.test.annotation.ProfileValueUtils - Retrieved @ProfileValueSourceConfiguration [null] for test class [avakhidov.springpatterns.flour.FlourObjectFactoryImplTest]
22:39:08.554 [Test worker] DEBUG org.springframework.test.annotation.ProfileValueUtils - Retrieved ProfileValueSource type [class org.springframework.test.annotation.SystemProfileValueSource] for class [avakhidov.springpatterns.flour.FlourObjectFactoryImplTest]
22:39:08.557 [Test worker] DEBUG org.springframework.test.annotation.ProfileValueUtils - Retrieved @ProfileValueSourceConfiguration [null] for test class [avakhidov.springpatterns.flour.FlourObjectFactoryImplTest]
22:39:08.557 [Test worker] DEBUG org.springframework.test.annotation.ProfileValueUtils - Retrieved ProfileValueSource type [class org.springframework.test.annotation.SystemProfileValueSource] for class [avakhidov.springpatterns.flour.FlourObjectFactoryImplTest]
22:39:08.558 [Test worker] DEBUG org.springframework.test.annotation.ProfileValueUtils - Retrieved @ProfileValueSourceConfiguration [null] for test class [avakhidov.springpatterns.flour.FlourObjectFactoryImplTest]
22:39:08.558 [Test worker] DEBUG org.springframework.test.annotation.ProfileValueUtils - Retrieved ProfileValueSource type [class org.springframework.test.annotation.SystemProfileValueSource] for class [avakhidov.springpatterns.flour.FlourObjectFactoryImplTest]
22:39:08.562 [Test worker] DEBUG org.springframework.test.context.support.AbstractDirtiesContextTestExecutionListener - Before test class: context [DefaultTestContext@46e3b35c testClass = FlourObjectFactoryImplTest, testInstance = [null], testMethod = [null], testException = [null], mergedContextConfiguration = [MergedContextConfiguration@2d0118c testClass = FlourObjectFactoryImplTest, locations = '{}', classes = '{class avakhidov.springpatterns.ApplicationRun}', contextInitializerClasses = '[]', activeProfiles = '{}', propertySourceLocations = '{}', propertySourceProperties = '{org.springframework.boot.test.context.SpringBootTestContextBootstrapper=true}', contextCustomizers = set[org.springframework.boot.test.autoconfigure.properties.PropertyMappingContextCustomizer@0, org.springframework.boot.test.autoconfigure.web.servlet.WebDriverContextCustomizerFactory$Customizer@7f13c49f, org.springframework.boot.test.context.filter.ExcludeFilterContextCustomizer@949dd34, org.springframework.boot.test.json.DuplicateJsonObjectContextCustomizerFactory$DuplicateJsonObjectContextCustomizer@78248236, org.springframework.boot.test.mock.mockito.MockitoContextCustomizer@0, org.springframework.boot.test.web.client.TestRestTemplateContextCustomizer@76d52876], contextLoader = 'org.springframework.boot.test.context.SpringBootContextLoader', parent = [null]], attributes = map[[empty]]], class annotated with @DirtiesContext [false] with mode [null].
22:39:08.563 [Test worker] DEBUG org.springframework.test.annotation.ProfileValueUtils - Retrieved @ProfileValueSourceConfiguration [null] for test class [avakhidov.springpatterns.flour.FlourObjectFactoryImplTest]
22:39:08.563 [Test worker] DEBUG org.springframework.test.annotation.ProfileValueUtils - Retrieved ProfileValueSource type [class org.springframework.test.annotation.SystemProfileValueSource] for class [avakhidov.springpatterns.flour.FlourObjectFactoryImplTest]
22:39:08.567 [Test worker] DEBUG org.springframework.test.context.support.DependencyInjectionTestExecutionListener - Performing dependency injection for test context [[DefaultTestContext@46e3b35c testClass = FlourObjectFactoryImplTest, testInstance = avakhidov.springpatterns.flour.FlourObjectFactoryImplTest@628f9026, testMethod = [null], testException = [null], mergedContextConfiguration = [MergedContextConfiguration@2d0118c testClass = FlourObjectFactoryImplTest, locations = '{}', classes = '{class avakhidov.springpatterns.ApplicationRun}', contextInitializerClasses = '[]', activeProfiles = '{}', propertySourceLocations = '{}', propertySourceProperties = '{org.springframework.boot.test.context.SpringBootTestContextBootstrapper=true}', contextCustomizers = set[org.springframework.boot.test.autoconfigure.properties.PropertyMappingContextCustomizer@0, org.springframework.boot.test.autoconfigure.web.servlet.WebDriverContextCustomizerFactory$Customizer@7f13c49f, org.springframework.boot.test.context.filter.ExcludeFilterContextCustomizer@949dd34, org.springframework.boot.test.json.DuplicateJsonObjectContextCustomizerFactory$DuplicateJsonObjectContextCustomizer@78248236, org.springframework.boot.test.mock.mockito.MockitoContextCustomizer@0, org.springframework.boot.test.web.client.TestRestTemplateContextCustomizer@76d52876], contextLoader = 'org.springframework.boot.test.context.SpringBootContextLoader', parent = [null]], attributes = map[[empty]]]].
22:39:08.584 [Test worker] DEBUG org.springframework.test.context.support.TestPropertySourceUtils - Adding inlined properties to environment: {spring.jmx.enabled=false, org.springframework.boot.test.context.SpringBootTestContextBootstrapper=true, server.port=-1}

  .   ____          _            __ _ _
 /\\ / ___'_ __ _ _(_)_ __  __ _ \ \ \ \
( ( )\___ | '_ | '_| | '_ \/ _` | \ \ \ \
 \\/  ___)| |_)| | | | | || (_| |  ) ) ) )
  '  |____| .__|_| |_|_| |_\__, | / / / /
 =========|_|==============|___/=/_/_/_/
 :: Spring Boot ::        (v2.1.6.RELEASE)

2020-07-24 22:39:08.798  INFO 15236 --- [    Test worker] a.s.flour.FlourObjectFactoryImplTest     : Starting FlourObjectFactoryImplTest on DESKTOP-U54MMGI with PID 15236 (started by arbuz in C:\projects\Patterns\springpatterns)
2020-07-24 22:39:08.798  INFO 15236 --- [    Test worker] a.s.flour.FlourObjectFactoryImplTest     : The following profiles are active: DAY
2020-07-24 22:39:09.098  INFO 15236 --- [    Test worker] trationDelegate$BeanPostProcessorChecker : Bean 'avakhidov.config.ConfigMainRunner' of type [avakhidov.config.ConfigMainRunner$$EnhancerBySpringCGLIB$$36c20732] is not eligible for getting processed by all BeanPostProcessors (for example: not eligible for auto-proxying)
2020-07-24 22:39:09.205  INFO 15236 --- [    Test worker] a.s.flour.FlourObjectFactoryImplTest     : Started FlourObjectFactoryImplTest in 0.6183996 seconds (JVM running for 1.562)
]]></system-out>
  <system-err><![CDATA[]]></system-err>
</testsuite>
