<?xml version="1.0" encoding="UTF-8"?>
<testsuite name="avakhidov.springpatterns.flour.FlourObjectFactoryImplTest" tests="1" skipped="0" failures="0" errors="0" timestamp="2020-07-29T18:43:36" hostname="DESKTOP-U54MMGI" time="0.291">
  <properties/>
  <testcase name="getFlour" classname="avakhidov.springpatterns.flour.FlourObjectFactoryImplTest" time="0.291"/>
  <system-out><![CDATA[21:43:35.800 [Test worker] DEBUG org.springframework.test.context.junit4.SpringJUnit4ClassRunner - SpringJUnit4ClassRunner constructor called with [class avakhidov.springpatterns.flour.FlourObjectFactoryImplTest]
21:43:35.807 [Test worker] DEBUG org.springframework.test.context.BootstrapUtils - Instantiating CacheAwareContextLoaderDelegate from class [org.springframework.test.context.cache.DefaultCacheAwareContextLoaderDelegate]
21:43:35.818 [Test worker] DEBUG org.springframework.test.context.BootstrapUtils - Instantiating BootstrapContext using constructor [public org.springframework.test.context.support.DefaultBootstrapContext(java.lang.Class,org.springframework.test.context.CacheAwareContextLoaderDelegate)]
21:43:35.848 [Test worker] DEBUG org.springframework.test.context.BootstrapUtils - Instantiating TestContextBootstrapper for test class [avakhidov.springpatterns.flour.FlourObjectFactoryImplTest] from class [org.springframework.boot.test.context.SpringBootTestContextBootstrapper]
21:43:35.866 [Test worker] INFO org.springframework.boot.test.context.SpringBootTestContextBootstrapper - Neither @ContextConfiguration nor @ContextHierarchy found for test class [avakhidov.springpatterns.flour.FlourObjectFactoryImplTest], using SpringBootContextLoader
21:43:35.870 [Test worker] DEBUG org.springframework.test.context.support.AbstractContextLoader - Did not detect default resource location for test class [avakhidov.springpatterns.flour.FlourObjectFactoryImplTest]: class path resource [avakhidov/springpatterns/flour/FlourObjectFactoryImplTest-context.xml] does not exist
21:43:35.871 [Test worker] DEBUG org.springframework.test.context.support.AbstractContextLoader - Did not detect default resource location for test class [avakhidov.springpatterns.flour.FlourObjectFactoryImplTest]: class path resource [avakhidov/springpatterns/flour/FlourObjectFactoryImplTestContext.groovy] does not exist
21:43:35.871 [Test worker] INFO org.springframework.test.context.support.AbstractContextLoader - Could not detect default resource locations for test class [avakhidov.springpatterns.flour.FlourObjectFactoryImplTest]: no resource found for suffixes {-context.xml, Context.groovy}.
21:43:35.872 [Test worker] INFO org.springframework.test.context.support.AnnotationConfigContextLoaderUtils - Could not detect default configuration classes for test class [avakhidov.springpatterns.flour.FlourObjectFactoryImplTest]: FlourObjectFactoryImplTest does not declare any static, non-private, non-final, nested classes annotated with @Configuration.
21:43:35.909 [Test worker] DEBUG org.springframework.test.context.support.ActiveProfilesUtils - Could not find an 'annotation declaring class' for annotation type [org.springframework.test.context.ActiveProfiles] and class [avakhidov.springpatterns.flour.FlourObjectFactoryImplTest]
21:43:35.977 [Test worker] DEBUG org.springframework.context.annotation.ClassPathScanningCandidateComponentProvider - Identified candidate component class: file [C:\projects\Patterns\springpatterns\build\classes\java\main\avakhidov\springpatterns\ApplicationRun.class]
21:43:35.979 [Test worker] INFO org.springframework.boot.test.context.SpringBootTestContextBootstrapper - Found @SpringBootConfiguration avakhidov.springpatterns.ApplicationRun for test class avakhidov.springpatterns.flour.FlourObjectFactoryImplTest
21:43:36.098 [Test worker] DEBUG org.springframework.boot.test.context.SpringBootTestContextBootstrapper - @TestExecutionListeners is not present for class [avakhidov.springpatterns.flour.FlourObjectFactoryImplTest]: using defaults.
21:43:36.099 [Test worker] INFO org.springframework.boot.test.context.SpringBootTestContextBootstrapper - Loaded default TestExecutionListener class names from location [META-INF/spring.factories]: [org.springframework.boot.test.autoconfigure.restdocs.RestDocsTestExecutionListener, org.springframework.boot.test.autoconfigure.web.client.MockRestServiceServerResetTestExecutionListener, org.springframework.boot.test.autoconfigure.web.servlet.MockMvcPrintOnlyOnFailureTestExecutionListener, org.springframework.boot.test.autoconfigure.web.servlet.WebDriverTestExecutionListener, org.springframework.boot.test.mock.mockito.MockitoTestExecutionListener, org.springframework.boot.test.mock.mockito.ResetMocksTestExecutionListener, org.springframework.test.context.web.ServletTestExecutionListener, org.springframework.test.context.support.DirtiesContextBeforeModesTestExecutionListener, org.springframework.test.context.support.DependencyInjectionTestExecutionListener, org.springframework.test.context.support.DirtiesContextTestExecutionListener, org.springframework.test.context.transaction.TransactionalTestExecutionListener, org.springframework.test.context.jdbc.SqlScriptsTestExecutionListener]
21:43:36.108 [Test worker] DEBUG org.springframework.boot.test.context.SpringBootTestContextBootstrapper - Skipping candidate TestExecutionListener [org.springframework.test.context.web.ServletTestExecutionListener] due to a missing dependency. Specify custom listener classes or make the default listener classes and their required dependencies available. Offending class: [javax/servlet/ServletContext]
21:43:36.110 [Test worker] DEBUG org.springframework.boot.test.context.SpringBootTestContextBootstrapper - Skipping candidate TestExecutionListener [org.springframework.test.context.transaction.TransactionalTestExecutionListener] due to a missing dependency. Specify custom listener classes or make the default listener classes and their required dependencies available. Offending class: [org/springframework/transaction/interceptor/TransactionAttributeSource]
21:43:36.111 [Test worker] DEBUG org.springframework.boot.test.context.SpringBootTestContextBootstrapper - Skipping candidate TestExecutionListener [org.springframework.test.context.jdbc.SqlScriptsTestExecutionListener] due to a missing dependency. Specify custom listener classes or make the default listener classes and their required dependencies available. Offending class: [org/springframework/transaction/interceptor/TransactionAttribute]
21:43:36.111 [Test worker] INFO org.springframework.boot.test.context.SpringBootTestContextBootstrapper - Using TestExecutionListeners: [org.springframework.test.context.support.DirtiesContextBeforeModesTestExecutionListener@313d947a, org.springframework.boot.test.mock.mockito.MockitoTestExecutionListener@6bef7709, org.springframework.boot.test.autoconfigure.SpringBootDependencyInjectionTestExecutionListener@25520c32, org.springframework.test.context.support.DirtiesContextTestExecutionListener@465168e6, org.springframework.boot.test.autoconfigure.restdocs.RestDocsTestExecutionListener@1b92aa12, org.springframework.boot.test.autoconfigure.web.client.MockRestServiceServerResetTestExecutionListener@b55d156, org.springframework.boot.test.autoconfigure.web.servlet.MockMvcPrintOnlyOnFailureTestExecutionListener@3e537f92, org.springframework.boot.test.autoconfigure.web.servlet.WebDriverTestExecutionListener@730836e6, org.springframework.boot.test.mock.mockito.ResetMocksTestExecutionListener@7dc4c0af]
21:43:36.113 [Test worker] DEBUG org.springframework.test.annotation.ProfileValueUtils - Retrieved @ProfileValueSourceConfiguration [null] for test class [avakhidov.springpatterns.flour.FlourObjectFactoryImplTest]
21:43:36.114 [Test worker] DEBUG org.springframework.test.annotation.ProfileValueUtils - Retrieved ProfileValueSource type [class org.springframework.test.annotation.SystemProfileValueSource] for class [avakhidov.springpatterns.flour.FlourObjectFactoryImplTest]
21:43:36.115 [Test worker] DEBUG org.springframework.test.annotation.ProfileValueUtils - Retrieved @ProfileValueSourceConfiguration [null] for test class [avakhidov.springpatterns.flour.FlourObjectFactoryImplTest]
21:43:36.115 [Test worker] DEBUG org.springframework.test.annotation.ProfileValueUtils - Retrieved ProfileValueSource type [class org.springframework.test.annotation.SystemProfileValueSource] for class [avakhidov.springpatterns.flour.FlourObjectFactoryImplTest]
21:43:36.120 [Test worker] DEBUG org.springframework.test.context.support.AbstractDirtiesContextTestExecutionListener - Before test class: context [DefaultTestContext@2f1e926b testClass = FlourObjectFactoryImplTest, testInstance = [null], testMethod = [null], testException = [null], mergedContextConfiguration = [MergedContextConfiguration@704c40fa testClass = FlourObjectFactoryImplTest, locations = '{}', classes = '{class avakhidov.springpatterns.ApplicationRun}', contextInitializerClasses = '[]', activeProfiles = '{}', propertySourceLocations = '{}', propertySourceProperties = '{org.springframework.boot.test.context.SpringBootTestContextBootstrapper=true}', contextCustomizers = set[org.springframework.boot.test.autoconfigure.properties.PropertyMappingContextCustomizer@0, org.springframework.boot.test.autoconfigure.web.servlet.WebDriverContextCustomizerFactory$Customizer@25cb7e7b, org.springframework.boot.test.context.filter.ExcludeFilterContextCustomizer@7b41c16d, org.springframework.boot.test.json.DuplicateJsonObjectContextCustomizerFactory$DuplicateJsonObjectContextCustomizer@47b265da, org.springframework.boot.test.mock.mockito.MockitoContextCustomizer@0, org.springframework.boot.test.web.client.TestRestTemplateContextCustomizer@3ef4bf9f], contextLoader = 'org.springframework.boot.test.context.SpringBootContextLoader', parent = [null]], attributes = map[[empty]]], class annotated with @DirtiesContext [false] with mode [null].
21:43:36.120 [Test worker] DEBUG org.springframework.test.annotation.ProfileValueUtils - Retrieved @ProfileValueSourceConfiguration [null] for test class [avakhidov.springpatterns.flour.FlourObjectFactoryImplTest]
21:43:36.120 [Test worker] DEBUG org.springframework.test.annotation.ProfileValueUtils - Retrieved ProfileValueSource type [class org.springframework.test.annotation.SystemProfileValueSource] for class [avakhidov.springpatterns.flour.FlourObjectFactoryImplTest]
21:43:36.124 [Test worker] DEBUG org.springframework.test.context.support.DependencyInjectionTestExecutionListener - Performing dependency injection for test context [[DefaultTestContext@2f1e926b testClass = FlourObjectFactoryImplTest, testInstance = avakhidov.springpatterns.flour.FlourObjectFactoryImplTest@64f64af7, testMethod = [null], testException = [null], mergedContextConfiguration = [MergedContextConfiguration@704c40fa testClass = FlourObjectFactoryImplTest, locations = '{}', classes = '{class avakhidov.springpatterns.ApplicationRun}', contextInitializerClasses = '[]', activeProfiles = '{}', propertySourceLocations = '{}', propertySourceProperties = '{org.springframework.boot.test.context.SpringBootTestContextBootstrapper=true}', contextCustomizers = set[org.springframework.boot.test.autoconfigure.properties.PropertyMappingContextCustomizer@0, org.springframework.boot.test.autoconfigure.web.servlet.WebDriverContextCustomizerFactory$Customizer@25cb7e7b, org.springframework.boot.test.context.filter.ExcludeFilterContextCustomizer@7b41c16d, org.springframework.boot.test.json.DuplicateJsonObjectContextCustomizerFactory$DuplicateJsonObjectContextCustomizer@47b265da, org.springframework.boot.test.mock.mockito.MockitoContextCustomizer@0, org.springframework.boot.test.web.client.TestRestTemplateContextCustomizer@3ef4bf9f], contextLoader = 'org.springframework.boot.test.context.SpringBootContextLoader', parent = [null]], attributes = map[[empty]]]].
21:43:36.140 [Test worker] DEBUG org.springframework.test.context.support.TestPropertySourceUtils - Adding inlined properties to environment: {spring.jmx.enabled=false, org.springframework.boot.test.context.SpringBootTestContextBootstrapper=true, server.port=-1}

  .   ____          _            __ _ _
 /\\ / ___'_ __ _ _(_)_ __  __ _ \ \ \ \
( ( )\___ | '_ | '_| | '_ \/ _` | \ \ \ \
 \\/  ___)| |_)| | | | | || (_| |  ) ) ) )
  '  |____| .__|_| |_|_| |_\__, | / / / /
 =========|_|==============|___/=/_/_/_/
 :: Spring Boot ::        (v2.1.6.RELEASE)

2020-07-29 21:43:36.391  INFO 9840 --- [    Test worker] a.s.flour.FlourObjectFactoryImplTest     : Starting FlourObjectFactoryImplTest on DESKTOP-U54MMGI with PID 9840 (started by arbuz in C:\projects\Patterns\springpatterns)
2020-07-29 21:43:36.392  INFO 9840 --- [    Test worker] a.s.flour.FlourObjectFactoryImplTest     : The following profiles are active: DAY
2020-07-29 21:43:36.818  INFO 9840 --- [    Test worker] trationDelegate$BeanPostProcessorChecker : Bean 'avakhidov.config.ConfigMainRunner' of type [avakhidov.config.ConfigMainRunner$$EnhancerBySpringCGLIB$$5ca4ac8c] is not eligible for getting processed by all BeanPostProcessors (for example: not eligible for auto-proxying)
2020-07-29 21:43:36.967  INFO 9840 --- [    Test worker] a.s.flour.FlourObjectFactoryImplTest     : Started FlourObjectFactoryImplTest in 0.8228535 seconds (JVM running for 1.894)
]]></system-out>
  <system-err><![CDATA[]]></system-err>
</testsuite>
